<?xml version="1.0" encoding="UTF-8"?>
<!-- Generated by org.testng.reporters.JUnitReportReporter -->
<testsuite hostname="suhels-mbp.usca.ibm.com" failures="0" tests="1" name="com.ibm.cloud.mysdk.test.SdkCommonTest" time="0.017" errors="0" timestamp="18 Sep 2019 20:30:50 GMT" skipped="0">
  <testcase classname="com.ibm.cloud.mysdk.test.SdkCommonTest" name="testGetSdkHeaders" time="0.017"/>
</testsuite> <!-- com.ibm.cloud.mysdk.test.SdkCommonTest -->
